<?xml version="1.0" encoding="UTF-8"?>
<testsuite xmlns:xsi="http://www.w3.org/2001/XMLSchema-instance" xsi:noNamespaceSchemaLocation="https://maven.apache.org/surefire/maven-surefire-plugin/xsd/surefire-test-report.xsd" name="com.example.demo.DemoApplicationTests" time="54.51" tests="1" errors="0" skipped="0" failures="0">
  <properties>
    <property name="sun.desktop" value="windows"/>
    <property name="awt.toolkit" value="sun.awt.windows.WToolkit"/>
    <property name="file.encoding.pkg" value="sun.io"/>
    <property name="java.specification.version" value="1.8"/>
    <property name="sun.cpu.isalist" value="pentium_pro+mmx pentium_pro pentium+mmx pentium i486 i386 i86"/>
    <property name="sun.jnu.encoding" value="Cp1252"/>
    <property name="java.class.path" value="D:\Users\trinhngoclinh\Downloads\spring-boot-spring-data-jpa-hibernate-h2-web-console-example\student-manager-springboot-jpa-hibernate-mysql\target\test-classes;D:\Users\trinhngoclinh\Downloads\spring-boot-spring-data-jpa-hibernate-h2-web-console-example\student-manager-springboot-jpa-hibernate-mysql\target\classes;D:\apache-maven-3.5.3\repository\org\springframework\boot\spring-boot-starter-data-jpa\2.1.0.BUILD-SNAPSHOT\spring-boot-starter-data-jpa-2.1.0.BUILD-SNAPSHOT.jar;D:\apache-maven-3.5.3\repository\org\springframework\boot\spring-boot-starter\2.1.0.BUILD-SNAPSHOT\spring-boot-starter-2.1.0.BUILD-SNAPSHOT.jar;D:\apache-maven-3.5.3\repository\org\springframework\boot\spring-boot-starter-logging\2.1.0.BUILD-SNAPSHOT\spring-boot-starter-logging-2.1.0.BUILD-SNAPSHOT.jar;D:\apache-maven-3.5.3\repository\ch\qos\logback\logback-classic\1.2.3\logback-classic-1.2.3.jar;D:\apache-maven-3.5.3\repository\ch\qos\logback\logback-core\1.2.3\logback-core-1.2.3.jar;D:\apache-maven-3.5.3\repository\org\apache\logging\log4j\log4j-to-slf4j\2.11.0\log4j-to-slf4j-2.11.0.jar;D:\apache-maven-3.5.3\repository\org\apache\logging\log4j\log4j-api\2.11.0\log4j-api-2.11.0.jar;D:\apache-maven-3.5.3\repository\org\slf4j\jul-to-slf4j\1.7.25\jul-to-slf4j-1.7.25.jar;D:\apache-maven-3.5.3\repository\javax\annotation\javax.annotation-api\1.3.2\javax.annotation-api-1.3.2.jar;D:\apache-maven-3.5.3\repository\org\yaml\snakeyaml\1.21\snakeyaml-1.21.jar;D:\apache-maven-3.5.3\repository\org\springframework\boot\spring-boot-starter-aop\2.1.0.BUILD-SNAPSHOT\spring-boot-starter-aop-2.1.0.BUILD-SNAPSHOT.jar;D:\apache-maven-3.5.3\repository\org\springframework\spring-aop\5.1.0.BUILD-SNAPSHOT\spring-aop-5.1.0.BUILD-SNAPSHOT.jar;D:\apache-maven-3.5.3\repository\org\aspectj\aspectjweaver\1.9.1\aspectjweaver-1.9.1.jar;D:\apache-maven-3.5.3\repository\org\springframework\boot\spring-boot-starter-jdbc\2.1.0.BUILD-SNAPSHOT\spring-boot-starter-jdbc-2.1.0.BUILD-SNAPSHOT.jar;D:\apache-maven-3.5.3\repository\com\zaxxer\HikariCP\3.2.0\HikariCP-3.2.0.jar;D:\apache-maven-3.5.3\repository\org\springframework\spring-jdbc\5.1.0.BUILD-SNAPSHOT\spring-jdbc-5.1.0.BUILD-SNAPSHOT.jar;D:\apache-maven-3.5.3\repository\org\hibernate\hibernate-core\5.3.3.Final\hibernate-core-5.3.3.Final.jar;D:\apache-maven-3.5.3\repository\org\jboss\logging\jboss-logging\3.3.2.Final\jboss-logging-3.3.2.Final.jar;D:\apache-maven-3.5.3\repository\javax\persistence\javax.persistence-api\2.2\javax.persistence-api-2.2.jar;D:\apache-maven-3.5.3\repository\org\javassist\javassist\3.23.1-GA\javassist-3.23.1-GA.jar;D:\apache-maven-3.5.3\repository\net\bytebuddy\byte-buddy\1.8.13\byte-buddy-1.8.13.jar;D:\apache-maven-3.5.3\repository\antlr\antlr\2.7.7\antlr-2.7.7.jar;D:\apache-maven-3.5.3\repository\org\jboss\jandex\2.0.5.Final\jandex-2.0.5.Final.jar;D:\apache-maven-3.5.3\repository\com\fasterxml\classmate\1.3.4\classmate-1.3.4.jar;D:\apache-maven-3.5.3\repository\javax\activation\javax.activation-api\1.2.0\javax.activation-api-1.2.0.jar;D:\apache-maven-3.5.3\repository\dom4j\dom4j\1.6.1\dom4j-1.6.1.jar;D:\apache-maven-3.5.3\repository\org\hibernate\common\hibernate-commons-annotations\5.0.4.Final\hibernate-commons-annotations-5.0.4.Final.jar;D:\apache-maven-3.5.3\repository\javax\transaction\javax.transaction-api\1.3\javax.transaction-api-1.3.jar;D:\apache-maven-3.5.3\repository\org\springframework\data\spring-data-jpa\2.1.0.RC1\spring-data-jpa-2.1.0.RC1.jar;D:\apache-maven-3.5.3\repository\org\springframework\data\spring-data-commons\2.1.0.RC1\spring-data-commons-2.1.0.RC1.jar;D:\apache-maven-3.5.3\repository\org\springframework\spring-orm\5.1.0.BUILD-SNAPSHOT\spring-orm-5.1.0.BUILD-SNAPSHOT.jar;D:\apache-maven-3.5.3\repository\org\springframework\spring-context\5.1.0.BUILD-SNAPSHOT\spring-context-5.1.0.BUILD-SNAPSHOT.jar;D:\apache-maven-3.5.3\repository\org\springframework\spring-tx\5.1.0.BUILD-SNAPSHOT\spring-tx-5.1.0.BUILD-SNAPSHOT.jar;D:\apache-maven-3.5.3\repository\org\springframework\spring-beans\5.1.0.BUILD-SNAPSHOT\spring-beans-5.1.0.BUILD-SNAPSHOT.jar;D:\apache-maven-3.5.3\repository\org\slf4j\slf4j-api\1.7.25\slf4j-api-1.7.25.jar;D:\apache-maven-3.5.3\repository\org\springframework\spring-aspects\5.1.0.BUILD-SNAPSHOT\spring-aspects-5.1.0.BUILD-SNAPSHOT.jar;D:\apache-maven-3.5.3\repository\mysql\mysql-connector-java\8.0.11\mysql-connector-java-8.0.11.jar;D:\apache-maven-3.5.3\repository\com\google\protobuf\protobuf-java\2.6.0\protobuf-java-2.6.0.jar;D:\apache-maven-3.5.3\repository\org\springframework\boot\spring-boot-starter-test\2.1.0.BUILD-SNAPSHOT\spring-boot-starter-test-2.1.0.BUILD-SNAPSHOT.jar;D:\apache-maven-3.5.3\repository\org\springframework\boot\spring-boot-test\2.1.0.BUILD-SNAPSHOT\spring-boot-test-2.1.0.BUILD-SNAPSHOT.jar;D:\apache-maven-3.5.3\repository\org\springframework\boot\spring-boot-test-autoconfigure\2.1.0.BUILD-SNAPSHOT\spring-boot-test-autoconfigure-2.1.0.BUILD-SNAPSHOT.jar;D:\apache-maven-3.5.3\repository\com\jayway\jsonpath\json-path\2.4.0\json-path-2.4.0.jar;D:\apache-maven-3.5.3\repository\net\minidev\json-smart\2.3\json-smart-2.3.jar;D:\apache-maven-3.5.3\repository\net\minidev\accessors-smart\1.2\accessors-smart-1.2.jar;D:\apache-maven-3.5.3\repository\org\ow2\asm\asm\5.0.4\asm-5.0.4.jar;D:\apache-maven-3.5.3\repository\junit\junit\4.12\junit-4.12.jar;D:\apache-maven-3.5.3\repository\org\assertj\assertj-core\3.10.0\assertj-core-3.10.0.jar;D:\apache-maven-3.5.3\repository\org\mockito\mockito-core\2.21.0\mockito-core-2.21.0.jar;D:\apache-maven-3.5.3\repository\net\bytebuddy\byte-buddy-agent\1.8.13\byte-buddy-agent-1.8.13.jar;D:\apache-maven-3.5.3\repository\org\objenesis\objenesis\2.6\objenesis-2.6.jar;D:\apache-maven-3.5.3\repository\org\hamcrest\hamcrest-core\1.3\hamcrest-core-1.3.jar;D:\apache-maven-3.5.3\repository\org\hamcrest\hamcrest-library\1.3\hamcrest-library-1.3.jar;D:\apache-maven-3.5.3\repository\org\skyscreamer\jsonassert\1.5.0\jsonassert-1.5.0.jar;D:\apache-maven-3.5.3\repository\com\vaadin\external\google\android-json\0.0.20131108.vaadin1\android-json-0.0.20131108.vaadin1.jar;D:\apache-maven-3.5.3\repository\org\springframework\spring-core\5.1.0.BUILD-SNAPSHOT\spring-core-5.1.0.BUILD-SNAPSHOT.jar;D:\apache-maven-3.5.3\repository\org\springframework\spring-jcl\5.1.0.BUILD-SNAPSHOT\spring-jcl-5.1.0.BUILD-SNAPSHOT.jar;D:\apache-maven-3.5.3\repository\org\springframework\spring-test\5.1.0.BUILD-SNAPSHOT\spring-test-5.1.0.BUILD-SNAPSHOT.jar;D:\apache-maven-3.5.3\repository\org\xmlunit\xmlunit-core\2.6.0\xmlunit-core-2.6.0.jar;D:\apache-maven-3.5.3\repository\org\springframework\boot\spring-boot-starter-web\2.1.0.BUILD-SNAPSHOT\spring-boot-starter-web-2.1.0.BUILD-SNAPSHOT.jar;D:\apache-maven-3.5.3\repository\org\springframework\boot\spring-boot-starter-json\2.1.0.BUILD-SNAPSHOT\spring-boot-starter-json-2.1.0.BUILD-SNAPSHOT.jar;D:\apache-maven-3.5.3\repository\com\fasterxml\jackson\core\jackson-databind\2.9.6\jackson-databind-2.9.6.jar;D:\apache-maven-3.5.3\repository\com\fasterxml\jackson\core\jackson-annotations\2.9.0\jackson-annotations-2.9.0.jar;D:\apache-maven-3.5.3\repository\com\fasterxml\jackson\core\jackson-core\2.9.6\jackson-core-2.9.6.jar;D:\apache-maven-3.5.3\repository\com\fasterxml\jackson\datatype\jackson-datatype-jdk8\2.9.6\jackson-datatype-jdk8-2.9.6.jar;D:\apache-maven-3.5.3\repository\com\fasterxml\jackson\datatype\jackson-datatype-jsr310\2.9.6\jackson-datatype-jsr310-2.9.6.jar;D:\apache-maven-3.5.3\repository\com\fasterxml\jackson\module\jackson-module-parameter-names\2.9.6\jackson-module-parameter-names-2.9.6.jar;D:\apache-maven-3.5.3\repository\org\springframework\boot\spring-boot-starter-tomcat\2.1.0.BUILD-SNAPSHOT\spring-boot-starter-tomcat-2.1.0.BUILD-SNAPSHOT.jar;D:\apache-maven-3.5.3\repository\org\apache\tomcat\embed\tomcat-embed-core\9.0.10\tomcat-embed-core-9.0.10.jar;D:\apache-maven-3.5.3\repository\org\apache\tomcat\embed\tomcat-embed-el\9.0.10\tomcat-embed-el-9.0.10.jar;D:\apache-maven-3.5.3\repository\org\apache\tomcat\embed\tomcat-embed-websocket\9.0.10\tomcat-embed-websocket-9.0.10.jar;D:\apache-maven-3.5.3\repository\org\hibernate\validator\hibernate-validator\6.0.11.Final\hibernate-validator-6.0.11.Final.jar;D:\apache-maven-3.5.3\repository\javax\validation\validation-api\2.0.1.Final\validation-api-2.0.1.Final.jar;D:\apache-maven-3.5.3\repository\org\springframework\spring-web\5.1.0.BUILD-SNAPSHOT\spring-web-5.1.0.BUILD-SNAPSHOT.jar;D:\apache-maven-3.5.3\repository\org\springframework\spring-webmvc\5.1.0.BUILD-SNAPSHOT\spring-webmvc-5.1.0.BUILD-SNAPSHOT.jar;D:\apache-maven-3.5.3\repository\org\springframework\spring-expression\5.1.0.BUILD-SNAPSHOT\spring-expression-5.1.0.BUILD-SNAPSHOT.jar;D:\apache-maven-3.5.3\repository\org\springframework\boot\spring-boot-devtools\2.1.0.BUILD-SNAPSHOT\spring-boot-devtools-2.1.0.BUILD-SNAPSHOT.jar;D:\apache-maven-3.5.3\repository\org\springframework\boot\spring-boot\2.1.0.BUILD-SNAPSHOT\spring-boot-2.1.0.BUILD-SNAPSHOT.jar;D:\apache-maven-3.5.3\repository\org\springframework\boot\spring-boot-autoconfigure\2.1.0.BUILD-SNAPSHOT\spring-boot-autoconfigure-2.1.0.BUILD-SNAPSHOT.jar;"/>
    <property name="java.vm.vendor" value="Oracle Corporation"/>
    <property name="sun.arch.data.model" value="32"/>
    <property name="user.variant" value=""/>
    <property name="java.vendor.url" value="http://java.oracle.com/"/>
    <property name="user.timezone" value="Asia/Bangkok"/>
    <property name="java.vm.specification.version" value="1.8"/>
    <property name="os.name" value="Windows 10"/>
    <property name="user.country" value="US"/>
    <property name="sun.java.launcher" value="SUN_STANDARD"/>
    <property name="sun.boot.library.path" value="D:\Program Files\Java\jdk1.8.0_161\jre\bin"/>
    <property name="sun.java.command" value="D:\Users\TRINHN~1\AppData\Local\Temp\surefire6711374373244582996\surefirebooter9012636805193167072.jar D:\Users\trinhngoclinh\AppData\Local\Temp\surefire6711374373244582996 2018-08-11T17-20-28_470-jvmRun1 surefire9094583672933346392tmp surefire_07482453048165568531tmp"/>
    <property name="surefire.test.class.path" value="D:\Users\trinhngoclinh\Downloads\spring-boot-spring-data-jpa-hibernate-h2-web-console-example\student-manager-springboot-jpa-hibernate-mysql\target\test-classes;D:\Users\trinhngoclinh\Downloads\spring-boot-spring-data-jpa-hibernate-h2-web-console-example\student-manager-springboot-jpa-hibernate-mysql\target\classes;D:\apache-maven-3.5.3\repository\org\springframework\boot\spring-boot-starter-data-jpa\2.1.0.BUILD-SNAPSHOT\spring-boot-starter-data-jpa-2.1.0.BUILD-SNAPSHOT.jar;D:\apache-maven-3.5.3\repository\org\springframework\boot\spring-boot-starter\2.1.0.BUILD-SNAPSHOT\spring-boot-starter-2.1.0.BUILD-SNAPSHOT.jar;D:\apache-maven-3.5.3\repository\org\springframework\boot\spring-boot-starter-logging\2.1.0.BUILD-SNAPSHOT\spring-boot-starter-logging-2.1.0.BUILD-SNAPSHOT.jar;D:\apache-maven-3.5.3\repository\ch\qos\logback\logback-classic\1.2.3\logback-classic-1.2.3.jar;D:\apache-maven-3.5.3\repository\ch\qos\logback\logback-core\1.2.3\logback-core-1.2.3.jar;D:\apache-maven-3.5.3\repository\org\apache\logging\log4j\log4j-to-slf4j\2.11.0\log4j-to-slf4j-2.11.0.jar;D:\apache-maven-3.5.3\repository\org\apache\logging\log4j\log4j-api\2.11.0\log4j-api-2.11.0.jar;D:\apache-maven-3.5.3\repository\org\slf4j\jul-to-slf4j\1.7.25\jul-to-slf4j-1.7.25.jar;D:\apache-maven-3.5.3\repository\javax\annotation\javax.annotation-api\1.3.2\javax.annotation-api-1.3.2.jar;D:\apache-maven-3.5.3\repository\org\yaml\snakeyaml\1.21\snakeyaml-1.21.jar;D:\apache-maven-3.5.3\repository\org\springframework\boot\spring-boot-starter-aop\2.1.0.BUILD-SNAPSHOT\spring-boot-starter-aop-2.1.0.BUILD-SNAPSHOT.jar;D:\apache-maven-3.5.3\repository\org\springframework\spring-aop\5.1.0.BUILD-SNAPSHOT\spring-aop-5.1.0.BUILD-SNAPSHOT.jar;D:\apache-maven-3.5.3\repository\org\aspectj\aspectjweaver\1.9.1\aspectjweaver-1.9.1.jar;D:\apache-maven-3.5.3\repository\org\springframework\boot\spring-boot-starter-jdbc\2.1.0.BUILD-SNAPSHOT\spring-boot-starter-jdbc-2.1.0.BUILD-SNAPSHOT.jar;D:\apache-maven-3.5.3\repository\com\zaxxer\HikariCP\3.2.0\HikariCP-3.2.0.jar;D:\apache-maven-3.5.3\repository\org\springframework\spring-jdbc\5.1.0.BUILD-SNAPSHOT\spring-jdbc-5.1.0.BUILD-SNAPSHOT.jar;D:\apache-maven-3.5.3\repository\org\hibernate\hibernate-core\5.3.3.Final\hibernate-core-5.3.3.Final.jar;D:\apache-maven-3.5.3\repository\org\jboss\logging\jboss-logging\3.3.2.Final\jboss-logging-3.3.2.Final.jar;D:\apache-maven-3.5.3\repository\javax\persistence\javax.persistence-api\2.2\javax.persistence-api-2.2.jar;D:\apache-maven-3.5.3\repository\org\javassist\javassist\3.23.1-GA\javassist-3.23.1-GA.jar;D:\apache-maven-3.5.3\repository\net\bytebuddy\byte-buddy\1.8.13\byte-buddy-1.8.13.jar;D:\apache-maven-3.5.3\repository\antlr\antlr\2.7.7\antlr-2.7.7.jar;D:\apache-maven-3.5.3\repository\org\jboss\jandex\2.0.5.Final\jandex-2.0.5.Final.jar;D:\apache-maven-3.5.3\repository\com\fasterxml\classmate\1.3.4\classmate-1.3.4.jar;D:\apache-maven-3.5.3\repository\javax\activation\javax.activation-api\1.2.0\javax.activation-api-1.2.0.jar;D:\apache-maven-3.5.3\repository\dom4j\dom4j\1.6.1\dom4j-1.6.1.jar;D:\apache-maven-3.5.3\repository\org\hibernate\common\hibernate-commons-annotations\5.0.4.Final\hibernate-commons-annotations-5.0.4.Final.jar;D:\apache-maven-3.5.3\repository\javax\transaction\javax.transaction-api\1.3\javax.transaction-api-1.3.jar;D:\apache-maven-3.5.3\repository\org\springframework\data\spring-data-jpa\2.1.0.RC1\spring-data-jpa-2.1.0.RC1.jar;D:\apache-maven-3.5.3\repository\org\springframework\data\spring-data-commons\2.1.0.RC1\spring-data-commons-2.1.0.RC1.jar;D:\apache-maven-3.5.3\repository\org\springframework\spring-orm\5.1.0.BUILD-SNAPSHOT\spring-orm-5.1.0.BUILD-SNAPSHOT.jar;D:\apache-maven-3.5.3\repository\org\springframework\spring-context\5.1.0.BUILD-SNAPSHOT\spring-context-5.1.0.BUILD-SNAPSHOT.jar;D:\apache-maven-3.5.3\repository\org\springframework\spring-tx\5.1.0.BUILD-SNAPSHOT\spring-tx-5.1.0.BUILD-SNAPSHOT.jar;D:\apache-maven-3.5.3\repository\org\springframework\spring-beans\5.1.0.BUILD-SNAPSHOT\spring-beans-5.1.0.BUILD-SNAPSHOT.jar;D:\apache-maven-3.5.3\repository\org\slf4j\slf4j-api\1.7.25\slf4j-api-1.7.25.jar;D:\apache-maven-3.5.3\repository\org\springframework\spring-aspects\5.1.0.BUILD-SNAPSHOT\spring-aspects-5.1.0.BUILD-SNAPSHOT.jar;D:\apache-maven-3.5.3\repository\mysql\mysql-connector-java\8.0.11\mysql-connector-java-8.0.11.jar;D:\apache-maven-3.5.3\repository\com\google\protobuf\protobuf-java\2.6.0\protobuf-java-2.6.0.jar;D:\apache-maven-3.5.3\repository\org\springframework\boot\spring-boot-starter-test\2.1.0.BUILD-SNAPSHOT\spring-boot-starter-test-2.1.0.BUILD-SNAPSHOT.jar;D:\apache-maven-3.5.3\repository\org\springframework\boot\spring-boot-test\2.1.0.BUILD-SNAPSHOT\spring-boot-test-2.1.0.BUILD-SNAPSHOT.jar;D:\apache-maven-3.5.3\repository\org\springframework\boot\spring-boot-test-autoconfigure\2.1.0.BUILD-SNAPSHOT\spring-boot-test-autoconfigure-2.1.0.BUILD-SNAPSHOT.jar;D:\apache-maven-3.5.3\repository\com\jayway\jsonpath\json-path\2.4.0\json-path-2.4.0.jar;D:\apache-maven-3.5.3\repository\net\minidev\json-smart\2.3\json-smart-2.3.jar;D:\apache-maven-3.5.3\repository\net\minidev\accessors-smart\1.2\accessors-smart-1.2.jar;D:\apache-maven-3.5.3\repository\org\ow2\asm\asm\5.0.4\asm-5.0.4.jar;D:\apache-maven-3.5.3\repository\junit\junit\4.12\junit-4.12.jar;D:\apache-maven-3.5.3\repository\org\assertj\assertj-core\3.10.0\assertj-core-3.10.0.jar;D:\apache-maven-3.5.3\repository\org\mockito\mockito-core\2.21.0\mockito-core-2.21.0.jar;D:\apache-maven-3.5.3\repository\net\bytebuddy\byte-buddy-agent\1.8.13\byte-buddy-agent-1.8.13.jar;D:\apache-maven-3.5.3\repository\org\objenesis\objenesis\2.6\objenesis-2.6.jar;D:\apache-maven-3.5.3\repository\org\hamcrest\hamcrest-core\1.3\hamcrest-core-1.3.jar;D:\apache-maven-3.5.3\repository\org\hamcrest\hamcrest-library\1.3\hamcrest-library-1.3.jar;D:\apache-maven-3.5.3\repository\org\skyscreamer\jsonassert\1.5.0\jsonassert-1.5.0.jar;D:\apache-maven-3.5.3\repository\com\vaadin\external\google\android-json\0.0.20131108.vaadin1\android-json-0.0.20131108.vaadin1.jar;D:\apache-maven-3.5.3\repository\org\springframework\spring-core\5.1.0.BUILD-SNAPSHOT\spring-core-5.1.0.BUILD-SNAPSHOT.jar;D:\apache-maven-3.5.3\repository\org\springframework\spring-jcl\5.1.0.BUILD-SNAPSHOT\spring-jcl-5.1.0.BUILD-SNAPSHOT.jar;D:\apache-maven-3.5.3\repository\org\springframework\spring-test\5.1.0.BUILD-SNAPSHOT\spring-test-5.1.0.BUILD-SNAPSHOT.jar;D:\apache-maven-3.5.3\repository\org\xmlunit\xmlunit-core\2.6.0\xmlunit-core-2.6.0.jar;D:\apache-maven-3.5.3\repository\org\springframework\boot\spring-boot-starter-web\2.1.0.BUILD-SNAPSHOT\spring-boot-starter-web-2.1.0.BUILD-SNAPSHOT.jar;D:\apache-maven-3.5.3\repository\org\springframework\boot\spring-boot-starter-json\2.1.0.BUILD-SNAPSHOT\spring-boot-starter-json-2.1.0.BUILD-SNAPSHOT.jar;D:\apache-maven-3.5.3\repository\com\fasterxml\jackson\core\jackson-databind\2.9.6\jackson-databind-2.9.6.jar;D:\apache-maven-3.5.3\repository\com\fasterxml\jackson\core\jackson-annotations\2.9.0\jackson-annotations-2.9.0.jar;D:\apache-maven-3.5.3\repository\com\fasterxml\jackson\core\jackson-core\2.9.6\jackson-core-2.9.6.jar;D:\apache-maven-3.5.3\repository\com\fasterxml\jackson\datatype\jackson-datatype-jdk8\2.9.6\jackson-datatype-jdk8-2.9.6.jar;D:\apache-maven-3.5.3\repository\com\fasterxml\jackson\datatype\jackson-datatype-jsr310\2.9.6\jackson-datatype-jsr310-2.9.6.jar;D:\apache-maven-3.5.3\repository\com\fasterxml\jackson\module\jackson-module-parameter-names\2.9.6\jackson-module-parameter-names-2.9.6.jar;D:\apache-maven-3.5.3\repository\org\springframework\boot\spring-boot-starter-tomcat\2.1.0.BUILD-SNAPSHOT\spring-boot-starter-tomcat-2.1.0.BUILD-SNAPSHOT.jar;D:\apache-maven-3.5.3\repository\org\apache\tomcat\embed\tomcat-embed-core\9.0.10\tomcat-embed-core-9.0.10.jar;D:\apache-maven-3.5.3\repository\org\apache\tomcat\embed\tomcat-embed-el\9.0.10\tomcat-embed-el-9.0.10.jar;D:\apache-maven-3.5.3\repository\org\apache\tomcat\embed\tomcat-embed-websocket\9.0.10\tomcat-embed-websocket-9.0.10.jar;D:\apache-maven-3.5.3\repository\org\hibernate\validator\hibernate-validator\6.0.11.Final\hibernate-validator-6.0.11.Final.jar;D:\apache-maven-3.5.3\repository\javax\validation\validation-api\2.0.1.Final\validation-api-2.0.1.Final.jar;D:\apache-maven-3.5.3\repository\org\springframework\spring-web\5.1.0.BUILD-SNAPSHOT\spring-web-5.1.0.BUILD-SNAPSHOT.jar;D:\apache-maven-3.5.3\repository\org\springframework\spring-webmvc\5.1.0.BUILD-SNAPSHOT\spring-webmvc-5.1.0.BUILD-SNAPSHOT.jar;D:\apache-maven-3.5.3\repository\org\springframework\spring-expression\5.1.0.BUILD-SNAPSHOT\spring-expression-5.1.0.BUILD-SNAPSHOT.jar;D:\apache-maven-3.5.3\repository\org\springframework\boot\spring-boot-devtools\2.1.0.BUILD-SNAPSHOT\spring-boot-devtools-2.1.0.BUILD-SNAPSHOT.jar;D:\apache-maven-3.5.3\repository\org\springframework\boot\spring-boot\2.1.0.BUILD-SNAPSHOT\spring-boot-2.1.0.BUILD-SNAPSHOT.jar;D:\apache-maven-3.5.3\repository\org\springframework\boot\spring-boot-autoconfigure\2.1.0.BUILD-SNAPSHOT\spring-boot-autoconfigure-2.1.0.BUILD-SNAPSHOT.jar;"/>
    <property name="sun.cpu.endian" value="little"/>
    <property name="user.home" value="D:\Users\trinhngoclinh"/>
    <property name="user.language" value="en"/>
    <property name="java.specification.vendor" value="Oracle Corporation"/>
    <property name="java.home" value="D:\Program Files\Java\jdk1.8.0_161\jre"/>
    <property name="basedir" value="D:\Users\trinhngoclinh\Downloads\spring-boot-spring-data-jpa-hibernate-h2-web-console-example\student-manager-springboot-jpa-hibernate-mysql"/>
    <property name="file.separator" value="\"/>
    <property name="line.separator" value="&#10;"/>
    <property name="java.vm.specification.vendor" value="Oracle Corporation"/>
    <property name="java.specification.name" value="Java Platform API Specification"/>
    <property name="java.awt.graphicsenv" value="sun.awt.Win32GraphicsEnvironment"/>
    <property name="surefire.real.class.path" value="D:\Users\TRINHN~1\AppData\Local\Temp\surefire6711374373244582996\surefirebooter9012636805193167072.jar"/>
    <property name="sun.boot.class.path" value="D:\Program Files\Java\jdk1.8.0_161\jre\lib\resources.jar;D:\Program Files\Java\jdk1.8.0_161\jre\lib\rt.jar;D:\Program Files\Java\jdk1.8.0_161\jre\lib\sunrsasign.jar;D:\Program Files\Java\jdk1.8.0_161\jre\lib\jsse.jar;D:\Program Files\Java\jdk1.8.0_161\jre\lib\jce.jar;D:\Program Files\Java\jdk1.8.0_161\jre\lib\charsets.jar;D:\Program Files\Java\jdk1.8.0_161\jre\lib\jfr.jar;D:\Program Files\Java\jdk1.8.0_161\jre\classes"/>
    <property name="user.script" value=""/>
    <property name="sun.management.compiler" value="HotSpot Client Compiler"/>
    <property name="java.runtime.version" value="1.8.0_161-b12"/>
    <property name="user.name" value="trinhngoclinh"/>
    <property name="path.separator" value=";"/>
    <property name="os.version" value="10.0"/>
    <property name="java.endorsed.dirs" value="D:\Program Files\Java\jdk1.8.0_161\jre\lib\endorsed"/>
    <property name="java.runtime.name" value="Java(TM) SE Runtime Environment"/>
    <property name="file.encoding" value="Cp1252"/>
    <property name="java.vm.name" value="Java HotSpot(TM) Client VM"/>
    <property name="localRepository" value="D:\apache-maven-3.5.3\repository"/>
    <property name="java.vendor.url.bug" value="http://bugreport.sun.com/bugreport/"/>
    <property name="java.io.tmpdir" value="D:\Users\TRINHN~1\AppData\Local\Temp\"/>
    <property name="java.version" value="1.8.0_161"/>
    <property name="user.dir" value="D:\Users\trinhngoclinh\Downloads\spring-boot-spring-data-jpa-hibernate-h2-web-console-example\student-manager-springboot-jpa-hibernate-mysql"/>
    <property name="os.arch" value="x86"/>
    <property name="java.vm.specification.name" value="Java Virtual Machine Specification"/>
    <property name="java.awt.printerjob" value="sun.awt.windows.WPrinterJob"/>
    <property name="sun.os.patch.level" value=""/>
    <property name="java.library.path" value="D:\Program Files\Java\jdk1.8.0_161\jre\bin;D:\WINDOWS\Sun\Java\bin;D:\WINDOWS\system32;D:\WINDOWS;D:\ProgramData\Oracle\Java\javapath;D:\apache-maven-3.5.3\bin;D:\Program Files\Java\jdk1.8.0_161\bin;D:\WINDOWS\system32;D:\WINDOWS;D:\WINDOWS\System32\Wbem;D:\WINDOWS\System32\WindowsPowerShell\v1.0\;D:\WINDOWS\System32\OpenSSH\;D:\Program Files\MySQL\MySQL Utilities 1.6\;D:\Program Files\Microsoft VS Code\bin;D:\Program Files\Git\cmd;D:\Program Files\TortoiseGit\bin;D:\Users\trinhngoclinh\AppData\Local\Microsoft\WindowsApps;;."/>
    <property name="java.vm.info" value="mixed mode, sharing"/>
    <property name="java.vendor" value="Oracle Corporation"/>
    <property name="java.vm.version" value="25.161-b12"/>
    <property name="java.ext.dirs" value="D:\Program Files\Java\jdk1.8.0_161\jre\lib\ext;D:\WINDOWS\Sun\Java\lib\ext"/>
    <property name="sun.io.unicode.encoding" value="UnicodeLittle"/>
    <property name="java.class.version" value="52.0"/>
  </properties>
  <testcase name="contextLoads" classname="com.example.demo.DemoApplicationTests" time="0.433"/>
</testsuite>